./repo/src/code.c:208:10: warning: implicit declaration of function 'randomize' is invalid in C99 [-Wimplicit-function-declaration]
                x[0] = randomize();
                       ^
./repo/src/code.c:270:17: warning: format string is not a string literal (potentially insecure) [-Wformat-security]
                fprintf(file, argv[2]);
                              ^~~~~~~
./repo/src/code.c:270:17: note: treat the string as an argument to avoid this
                fprintf(file, argv[2]);
                              ^
                              "%s", 
 --- Call graph Dump --- 
  Function: < root > calls: __bswap_16 __bswap_32 __bswap_64 __uint16_identity __uint32_identity __uint64_identity add sub sub1 output printf puts fprintf houtput mul greater_or_equal div2 mul2 divd mod is_odd is_0 is_1 is_n_minus_1 qpow tran miller_rabin randomize rand genRand main fopen srand time scanf clock 
  Function: main calls: fopen fprintf fprintf srand time scanf srand genRand miller_rabin genRand genRand miller_rabin genRand printf output houtput printf output houtput mul output printf clock fprintf clock miller_rabin 
  Function: clock calls: 
  Function: scanf calls: 
  Function: time calls: 
  Function: srand calls: 
  Function: fopen calls: 
  Function: genRand calls: randomize randomize rand rand 
  Function: miller_rabin calls: divd sub1 is_odd div2 randomize qpow is_1 is_n_minus_1 printf tran fprintf tran mul mod is_n_minus_1 printf tran fprintf tran printf tran fprintf tran fprintf fprintf 
  Function: randomize calls: rand rand rand 
  Function: rand calls: 
  Function: tran calls: 
  Function: qpow calls: is_0 is_odd div2 qpow mul mod mul mod 
  Function: is_n_minus_1 calls: sub1 
  Function: is_1 calls: 
  Function: is_0 calls: 
  Function: is_odd calls: 
  Function: mod calls: mul mul sub greater_or_equal sub 
  Function: divd calls: greater_or_equal div2 mul2 
  Function: mul2 calls: 
  Function: div2 calls: 
  Function: greater_or_equal calls: 
  Function: mul calls: 
  Function: houtput calls: fprintf fprintf fprintf 
  Function: output calls: printf printf puts fprintf fprintf fprintf 
  Function: fprintf calls: 
  Function: puts calls: 
  Function: printf calls: 
  Function: sub1 calls: 
  Function: sub calls: 
  Function: add calls: 
  Function: __uint64_identity calls: 
  Function: __uint32_identity calls: 
  Function: __uint16_identity calls: 
  Function: __bswap_64 calls: 
  Function: __bswap_32 calls: 
  Function: __bswap_16 calls: 
2 warnings generated.
/usr/bin/ld: /lib/x86_64-linux-gnu/Scrt1.o: in function `_start':
(.text+0x1b): undefined reference to `main'
clang: error: linker command failed with exit code 1 (use -v to see invocation)

./repo\src\code.c:208:10: error: call to undeclared function 'randomize'; ISO C99 and later do not support implicit function declarations [-Wimplicit-function-declaration]
  208 |                 x[0] = randomize();
      |                        ^
./repo\src\code.c:269:10: warning: 'fopen' is deprecated: This function or variable may be unsafe. Consider using fopen_s instead. To disable deprecation, use _CRT_SECURE_NO_WARNINGS. See online help for details. [-Wdeprecated-declarations]
  269 |                 file = fopen(argv[1], "a");
      |                        ^
C:\Program Files (x86)\Windows Kits\10\Include\10.0.22621.0\ucrt\stdio.h:212:20: note: 'fopen' has been explicitly marked deprecated here
  212 |     _Check_return_ _CRT_INSECURE_DEPRECATE(fopen_s)
      |                    ^
C:\Program Files\Microsoft Visual Studio\2022\Community\VC\Tools\MSVC\14.41.34120\include\vcruntime.h:356:55: note: expanded from macro '_CRT_INSECURE_DEPRECATE'
  356 |         #define _CRT_INSECURE_DEPRECATE(_Replacement) _CRT_DEPRECATE_TEXT(    \
      |                                                       ^
C:\Program Files\Microsoft Visual Studio\2022\Community\VC\Tools\MSVC\14.41.34120\include\vcruntime.h:346:47: note: expanded from macro '_CRT_DEPRECATE_TEXT'
  346 | #define _CRT_DEPRECATE_TEXT(_Text) __declspec(deprecated(_Text))
      |                                               ^
./repo\src\code.c:270:17: warning: format string is not a string literal (potentially insecure) [-Wformat-security]
  270 |                 fprintf(file, argv[2]);
      |                               ^~~~~~~
./repo\src\code.c:270:17: note: treat the string as an argument to avoid this
  270 |                 fprintf(file, argv[2]);
      |                               ^
      |                               "%s", 
./repo\src\code.c:275:10: warning: 'scanf' is deprecated: This function or variable may be unsafe. Consider using scanf_s instead. To disable deprecation, use _CRT_SECURE_NO_WARNINGS. See online help for details. [-Wdeprecated-declarations]
  275 |                 int x; scanf("%d", &x);
      |                        ^
C:\Program Files (x86)\Windows Kits\10\Include\10.0.22621.0\ucrt\stdio.h:1275:20: note: 'scanf' has been explicitly marked deprecated here
 1275 |     _Check_return_ _CRT_INSECURE_DEPRECATE(scanf_s)
      |                    ^
C:\Program Files\Microsoft Visual Studio\2022\Community\VC\Tools\MSVC\14.41.34120\include\vcruntime.h:356:55: note: expanded from macro '_CRT_INSECURE_DEPRECATE'
  356 |         #define _CRT_INSECURE_DEPRECATE(_Replacement) _CRT_DEPRECATE_TEXT(    \
      |                                                       ^
C:\Program Files\Microsoft Visual Studio\2022\Community\VC\Tools\MSVC\14.41.34120\include\vcruntime.h:346:47: note: expanded from macro '_CRT_DEPRECATE_TEXT'
  346 | #define _CRT_DEPRECATE_TEXT(_Text) __declspec(deprecated(_Text))
      |                                               ^
3 warnings and 1 error generated.

./repo\src\code.c:208:10: error: call to undeclared function 'randomize'; ISO C99 and later do not support implicit function declarations [-Wimplicit-function-declaration]
  208 |                 x[0] = randomize();
      |                        ^
./repo\src\code.c:269:10: warning: 'fopen' is deprecated: This function or variable may be unsafe. Consider using fopen_s instead. To disable deprecation, use _CRT_SECURE_NO_WARNINGS. See online help for details. [-Wdeprecated-declarations]
  269 |                 file = fopen(argv[1], "a");
      |                        ^
C:\Program Files (x86)\Windows Kits\10\Include\10.0.22621.0\ucrt\stdio.h:212:20: note: 'fopen' has been explicitly marked deprecated here
  212 |     _Check_return_ _CRT_INSECURE_DEPRECATE(fopen_s)
      |                    ^
C:\Program Files\Microsoft Visual Studio\2022\Community\VC\Tools\MSVC\14.41.34120\include\vcruntime.h:356:55: note: expanded from macro '_CRT_INSECURE_DEPRECATE'
  356 |         #define _CRT_INSECURE_DEPRECATE(_Replacement) _CRT_DEPRECATE_TEXT(    \
      |                                                       ^
C:\Program Files\Microsoft Visual Studio\2022\Community\VC\Tools\MSVC\14.41.34120\include\vcruntime.h:346:47: note: expanded from macro '_CRT_DEPRECATE_TEXT'
  346 | #define _CRT_DEPRECATE_TEXT(_Text) __declspec(deprecated(_Text))
      |                                               ^
./repo\src\code.c:270:17: warning: format string is not a string literal (potentially insecure) [-Wformat-security]
  270 |                 fprintf(file, argv[2]);
      |                               ^~~~~~~
./repo\src\code.c:270:17: note: treat the string as an argument to avoid this
  270 |                 fprintf(file, argv[2]);
      |                               ^
      |                               "%s", 
./repo\src\code.c:275:10: warning: 'scanf' is deprecated: This function or variable may be unsafe. Consider using scanf_s instead. To disable deprecation, use _CRT_SECURE_NO_WARNINGS. See online help for details. [-Wdeprecated-declarations]
  275 |                 int x; scanf("%d", &x);
      |                        ^
C:\Program Files (x86)\Windows Kits\10\Include\10.0.22621.0\ucrt\stdio.h:1275:20: note: 'scanf' has been explicitly marked deprecated here
 1275 |     _Check_return_ _CRT_INSECURE_DEPRECATE(scanf_s)
      |                    ^
C:\Program Files\Microsoft Visual Studio\2022\Community\VC\Tools\MSVC\14.41.34120\include\vcruntime.h:356:55: note: expanded from macro '_CRT_INSECURE_DEPRECATE'
  356 |         #define _CRT_INSECURE_DEPRECATE(_Replacement) _CRT_DEPRECATE_TEXT(    \
      |                                                       ^
C:\Program Files\Microsoft Visual Studio\2022\Community\VC\Tools\MSVC\14.41.34120\include\vcruntime.h:346:47: note: expanded from macro '_CRT_DEPRECATE_TEXT'
  346 | #define _CRT_DEPRECATE_TEXT(_Text) __declspec(deprecated(_Text))
      |                                               ^
3 warnings and 1 error generated.

./repo\src\code.c:269:10: warning: 'fopen' is deprecated: This function or variable may be unsafe. Consider using fopen_s instead. To disable deprecation, use _CRT_SECURE_NO_WARNINGS. See online help for details. [-Wdeprecated-declarations]
  269 |                 file = fopen(argv[1], "a");
      |                        ^
C:\Program Files (x86)\Windows Kits\10\Include\10.0.22621.0\ucrt\stdio.h:212:20: note: 'fopen' has been explicitly marked deprecated here
  212 |     _Check_return_ _CRT_INSECURE_DEPRECATE(fopen_s)
      |                    ^
C:\Program Files\Microsoft Visual Studio\2022\Community\VC\Tools\MSVC\14.41.34120\include\vcruntime.h:356:55: note: expanded from macro '_CRT_INSECURE_DEPRECATE'
  356 |         #define _CRT_INSECURE_DEPRECATE(_Replacement) _CRT_DEPRECATE_TEXT(    \
      |                                                       ^
C:\Program Files\Microsoft Visual Studio\2022\Community\VC\Tools\MSVC\14.41.34120\include\vcruntime.h:346:47: note: expanded from macro '_CRT_DEPRECATE_TEXT'
  346 | #define _CRT_DEPRECATE_TEXT(_Text) __declspec(deprecated(_Text))
      |                                               ^
./repo\src\code.c:270:17: warning: format string is not a string literal (potentially insecure) [-Wformat-security]
  270 |                 fprintf(file, argv[2]);
      |                               ^~~~~~~
./repo\src\code.c:270:17: note: treat the string as an argument to avoid this
  270 |                 fprintf(file, argv[2]);
      |                               ^
      |                               "%s", 
./repo\src\code.c:275:10: warning: 'scanf' is deprecated: This function or variable may be unsafe. Consider using scanf_s instead. To disable deprecation, use _CRT_SECURE_NO_WARNINGS. See online help for details. [-Wdeprecated-declarations]
  275 |                 int x; scanf("%d", &x);
      |                        ^
C:\Program Files (x86)\Windows Kits\10\Include\10.0.22621.0\ucrt\stdio.h:1275:20: note: 'scanf' has been explicitly marked deprecated here
 1275 |     _Check_return_ _CRT_INSECURE_DEPRECATE(scanf_s)
      |                    ^
C:\Program Files\Microsoft Visual Studio\2022\Community\VC\Tools\MSVC\14.41.34120\include\vcruntime.h:356:55: note: expanded from macro '_CRT_INSECURE_DEPRECATE'
  356 |         #define _CRT_INSECURE_DEPRECATE(_Replacement) _CRT_DEPRECATE_TEXT(    \
      |                                                       ^
C:\Program Files\Microsoft Visual Studio\2022\Community\VC\Tools\MSVC\14.41.34120\include\vcruntime.h:346:47: note: expanded from macro '_CRT_DEPRECATE_TEXT'
  346 | #define _CRT_DEPRECATE_TEXT(_Text) __declspec(deprecated(_Text))
      |                                               ^
 --- Call graph Dump --- 
  Function: < root > calls: __local_stdio_printf_options __local_stdio_scanf_options _vfwprintf_l __stdio_common_vfwprintf vfwprintf _vfwprintf_s_l __stdio_common_vfwprintf_s vfwprintf_s _vfwprintf_p_l __stdio_common_vfwprintf_p _vfwprintf_p _vwprintf_l __acrt_iob_func vwprintf _vwprintf_s_l vwprintf_s _vwprintf_p_l _vwprintf_p _fwprintf_l __builtin_va_start __builtin_va_end fwprintf _fwprintf_s_l fwprintf_s _fwprintf_p_l _fwprintf_p _wprintf_l wprintf _wprintf_s_l wprintf_s _wprintf_p_l _wprintf_p _vfwscanf_l __stdio_common_vfwscanf vfwscanf _vfwscanf_s_l vfwscanf_s _vwscanf_l vwscanf _vwscanf_s_l vwscanf_s _fwscanf_l fwscanf _fwscanf_s_l fwscanf_s _wscanf_l wscanf _wscanf_s_l wscanf_s _vsnwprintf_l __stdio_common_vswprintf _vsnwprintf_s_l __stdio_common_vsnwprintf_s _vsnwprintf_s _vsnwprintf _vswprintf_c_l _vswprintf_c _vswprintf_l __vswprintf_l _vswprintf vswprintf _vswprintf_s_l __stdio_common_vswprintf_s vswprintf_s _vswprintf_p_l __stdio_common_vswprintf_p _vswprintf_p _vscwprintf_l _vscwprintf _vscwprintf_p_l _vscwprintf_p __swprintf_l _swprintf_l _swprintf swprintf _swprintf_s_l swprintf_s _swprintf_p_l _swprintf_p _swprintf_c_l _swprintf_c _snwprintf_l _snwprintf _snwprintf_s_l _snwprintf_s _scwprintf_l _scwprintf _scwprintf_p_l _scwprintf_p _vswscanf_l __stdio_common_vswscanf vswscanf _vswscanf_s_l vswscanf_s _vsnwscanf_l _vsnwscanf_s_l _swscanf_l swscanf _swscanf_s_l swscanf_s _snwscanf_l _snwscanf _snwscanf_s_l _snwscanf_s _vfprintf_l __stdio_common_vfprintf vfprintf _vfprintf_s_l __stdio_common_vfprintf_s vfprintf_s _vfprintf_p_l __stdio_common_vfprintf_p _vfprintf_p _vprintf_l vprintf _vprintf_s_l vprintf_s _vprintf_p_l _vprintf_p _fprintf_l fprintf _fprintf_s_l fprintf_s _fprintf_p_l _fprintf_p _printf_l printf _printf_s_l printf_s _printf_p_l _printf_p _vfscanf_l __stdio_common_vfscanf vfscanf _vfscanf_s_l vfscanf_s _vscanf_l vscanf _vscanf_s_l vscanf_s _fscanf_l fscanf _fscanf_s_l fscanf_s _scanf_l scanf _scanf_s_l scanf_s _vsnprintf_l __stdio_common_vsprintf _vsnprintf vsnprintf _vsprintf_l vsprintf _vsprintf_s_l __stdio_common_vsprintf_s vsprintf_s _vsprintf_p_l __stdio_common_vsprintf_p _vsprintf_p _vsnprintf_s_l __stdio_common_vsnprintf_s _vsnprintf_s vsnprintf_s _vscprintf_l _vscprintf _vscprintf_p_l _vscprintf_p _vsnprintf_c_l _vsnprintf_c _sprintf_l sprintf _sprintf_s_l sprintf_s _sprintf_p_l _sprintf_p _snprintf_l snprintf _snprintf _snprintf_c_l _snprintf_c _snprintf_s_l _snprintf_s _scprintf_l _scprintf _scprintf_p_l _scprintf_p _vsscanf_l __stdio_common_vsscanf vsscanf _vsscanf_s_l vsscanf_s _sscanf_l sscanf _sscanf_s_l sscanf_s _snscanf_l _snscanf _snscanf_s_l _snscanf_s _wctime _wctime64 _wctime_s _wctime64_s ctime _ctime64 difftime _difftime64 gmtime _gmtime64 localtime _localtime64 _mkgmtime _mkgmtime64 mktime _mktime64 time _time64 timespec_get _timespec64_get ctime_s _ctime64_s gmtime_s _gmtime64_s localtime_s _localtime64_s add sub sub1 output puts houtput mul greater_or_equal div2 mul2 divd mod is_odd is_0 is_1 is_n_minus_1 qpow tran randomize rand miller_rabin genRand main fopen srand clock 
  Function: main calls: fopen fprintf fprintf srand time scanf srand genRand miller_rabin genRand genRand miller_rabin genRand printf output houtput printf output houtput mul output printf clock fprintf clock miller_rabin 
  Function: clock calls: 
  Function: srand calls: 
  Function: fopen calls: 
  Function: genRand calls: randomize randomize rand rand 
  Function: miller_rabin calls: divd sub1 is_odd div2 randomize qpow is_1 is_n_minus_1 printf tran fprintf tran mul mod is_n_minus_1 printf tran fprintf tran printf tran fprintf tran fprintf fprintf 
  Function: randomize calls: rand rand rand 
  Function: rand calls: 
  Function: tran calls: 
  Function: qpow calls: is_0 is_odd div2 qpow mul mod mul mod 
  Function: is_n_minus_1 calls: sub1 
  Function: is_1 calls: 
  Function: is_0 calls: 
  Function: is_odd calls: 
  Function: mod calls: mul mul sub greater_or_equal sub 
  Function: divd calls: greater_or_equal div2 mul2 
  Function: mul2 calls: 
  Function: div2 calls: 
  Function: greater_or_equal calls: 
  Function: mul calls: 
  Function: houtput calls: fprintf fprintf fprintf 
  Function: output calls: printf printf puts fprintf fprintf fprintf 
  Function: puts calls: 
  Function: sub1 calls: 
  Function: sub calls: 
  Function: add calls: 
  Function: localtime_s calls: _localtime64_s 
  Function: _localtime64_s calls: 
  Function: gmtime_s calls: _gmtime64_s 
  Function: _gmtime64_s calls: 
  Function: ctime_s calls: _ctime64_s 
  Function: _ctime64_s calls: 
  Function: timespec_get calls: _timespec64_get 
  Function: _timespec64_get calls: 
  Function: time calls: _time64 
  Function: _time64 calls: 
  Function: mktime calls: _mktime64 
  Function: _mktime64 calls: 
  Function: _mkgmtime calls: _mkgmtime64 
  Function: _mkgmtime64 calls: 
  Function: localtime calls: _localtime64 
  Function: _localtime64 calls: 
  Function: gmtime calls: _gmtime64 
  Function: _gmtime64 calls: 
  Function: difftime calls: _difftime64 
  Function: _difftime64 calls: 
  Function: ctime calls: _ctime64 
  Function: _ctime64 calls: 
  Function: _wctime_s calls: _wctime64_s 
  Function: _wctime64_s calls: 
  Function: _wctime calls: _wctime64 
  Function: _wctime64 calls: 
  Function: _snscanf_s calls: __builtin_va_start __stdio_common_vsscanf __local_stdio_scanf_options __builtin_va_end 
  Function: _snscanf_s_l calls: __builtin_va_start __stdio_common_vsscanf __local_stdio_scanf_options __builtin_va_end 
  Function: _snscanf calls: __builtin_va_start __stdio_common_vsscanf __local_stdio_scanf_options __builtin_va_end 
  Function: _snscanf_l calls: __builtin_va_start __stdio_common_vsscanf __local_stdio_scanf_options __builtin_va_end 
  Function: sscanf_s calls: __builtin_va_start vsscanf_s __builtin_va_end 
  Function: _sscanf_s_l calls: __builtin_va_start _vsscanf_s_l __builtin_va_end 
  Function: sscanf calls: __builtin_va_start _vsscanf_l __builtin_va_end 
  Function: _sscanf_l calls: __builtin_va_start _vsscanf_l __builtin_va_end 
  Function: vsscanf_s calls: _vsscanf_s_l 
  Function: _vsscanf_s_l calls: __stdio_common_vsscanf __local_stdio_scanf_options 
  Function: vsscanf calls: _vsscanf_l 
  Function: _vsscanf_l calls: __stdio_common_vsscanf __local_stdio_scanf_options 
  Function: __stdio_common_vsscanf calls: 
  Function: _scprintf_p calls: __builtin_va_start _vscprintf_p __builtin_va_end 
  Function: _scprintf_p_l calls: __builtin_va_start _vscprintf_p_l __builtin_va_end 
  Function: _scprintf calls: __builtin_va_start _vscprintf_l __builtin_va_end 
  Function: _scprintf_l calls: __builtin_va_start _vscprintf_l __builtin_va_end 
  Function: _snprintf_s calls: __builtin_va_start _vsnprintf_s_l __builtin_va_end 
  Function: _snprintf_s_l calls: __builtin_va_start _vsnprintf_s_l __builtin_va_end 
  Function: _snprintf_c calls: __builtin_va_start _vsnprintf_c_l __builtin_va_end 
  Function: _snprintf_c_l calls: __builtin_va_start _vsnprintf_c_l __builtin_va_end 
  Function: _snprintf calls: __builtin_va_start _vsnprintf __builtin_va_end 
  Function: snprintf calls: __builtin_va_start vsnprintf __builtin_va_end 
  Function: _snprintf_l calls: __builtin_va_start _vsnprintf_l __builtin_va_end 
  Function: _sprintf_p calls: __builtin_va_start _vsprintf_p_l __builtin_va_end 
  Function: _sprintf_p_l calls: __builtin_va_start _vsprintf_p_l __builtin_va_end 
  Function: sprintf_s calls: __builtin_va_start _vsprintf_s_l __builtin_va_end 
  Function: _sprintf_s_l calls: __builtin_va_start _vsprintf_s_l __builtin_va_end 
  Function: sprintf calls: __builtin_va_start _vsprintf_l __builtin_va_end 
  Function: _sprintf_l calls: __builtin_va_start _vsprintf_l __builtin_va_end 
  Function: _vsnprintf_c calls: _vsnprintf_c_l 
  Function: _vsnprintf_c_l calls: __stdio_common_vsprintf __local_stdio_printf_options 
  Function: _vscprintf_p calls: _vscprintf_p_l 
  Function: _vscprintf_p_l calls: __stdio_common_vsprintf_p __local_stdio_printf_options 
  Function: _vscprintf calls: _vscprintf_l 
  Function: _vscprintf_l calls: __stdio_common_vsprintf __local_stdio_printf_options 
  Function: vsnprintf_s calls: _vsnprintf_s_l 
  Function: _vsnprintf_s calls: _vsnprintf_s_l 
  Function: _vsnprintf_s_l calls: __stdio_common_vsnprintf_s __local_stdio_printf_options 
  Function: __stdio_common_vsnprintf_s calls: 
  Function: _vsprintf_p calls: _vsprintf_p_l 
  Function: _vsprintf_p_l calls: __stdio_common_vsprintf_p __local_stdio_printf_options 
  Function: __stdio_common_vsprintf_p calls: 
  Function: vsprintf_s calls: _vsprintf_s_l 
  Function: _vsprintf_s_l calls: __stdio_common_vsprintf_s __local_stdio_printf_options 
  Function: __stdio_common_vsprintf_s calls: 
  Function: vsprintf calls: _vsnprintf_l 
  Function: _vsprintf_l calls: _vsnprintf_l 
  Function: vsnprintf calls: __stdio_common_vsprintf __local_stdio_printf_options 
  Function: _vsnprintf calls: _vsnprintf_l 
  Function: _vsnprintf_l calls: __stdio_common_vsprintf __local_stdio_printf_options 
  Function: __stdio_common_vsprintf calls: 
  Function: scanf_s calls: __builtin_va_start _vfscanf_s_l __acrt_iob_func __builtin_va_end 
  Function: _scanf_s_l calls: __builtin_va_start _vfscanf_s_l __acrt_iob_func __builtin_va_end 
  Function: scanf calls: __builtin_va_start _vfscanf_l __acrt_iob_func __builtin_va_end 
  Function: _scanf_l calls: __builtin_va_start _vfscanf_l __acrt_iob_func __builtin_va_end 
  Function: fscanf_s calls: __builtin_va_start _vfscanf_s_l __builtin_va_end 
  Function: _fscanf_s_l calls: __builtin_va_start _vfscanf_s_l __builtin_va_end 
  Function: fscanf calls: __builtin_va_start _vfscanf_l __builtin_va_end 
  Function: _fscanf_l calls: __builtin_va_start _vfscanf_l __builtin_va_end 
  Function: vscanf_s calls: _vfscanf_s_l __acrt_iob_func 
  Function: _vscanf_s_l calls: _vfscanf_s_l __acrt_iob_func 
  Function: vscanf calls: _vfscanf_l __acrt_iob_func 
  Function: _vscanf_l calls: _vfscanf_l __acrt_iob_func 
  Function: vfscanf_s calls: _vfscanf_s_l 
  Function: _vfscanf_s_l calls: __stdio_common_vfscanf __local_stdio_scanf_options 
  Function: vfscanf calls: _vfscanf_l 
  Function: _vfscanf_l calls: __stdio_common_vfscanf __local_stdio_scanf_options 
  Function: __stdio_common_vfscanf calls: 
  Function: _printf_p calls: __builtin_va_start _vfprintf_p_l __acrt_iob_func __builtin_va_end 
  Function: _printf_p_l calls: __builtin_va_start _vfprintf_p_l __acrt_iob_func __builtin_va_end 
  Function: printf_s calls: __builtin_va_start _vfprintf_s_l __acrt_iob_func __builtin_va_end 
  Function: _printf_s_l calls: __builtin_va_start _vfprintf_s_l __acrt_iob_func __builtin_va_end 
  Function: printf calls: __builtin_va_start _vfprintf_l __acrt_iob_func __builtin_va_end 
  Function: _printf_l calls: __builtin_va_start _vfprintf_l __acrt_iob_func __builtin_va_end 
  Function: _fprintf_p calls: __builtin_va_start _vfprintf_p_l __builtin_va_end 
  Function: _fprintf_p_l calls: __builtin_va_start _vfprintf_p_l __builtin_va_end 
  Function: fprintf_s calls: __builtin_va_start _vfprintf_s_l __builtin_va_end 
  Function: _fprintf_s_l calls: __builtin_va_start _vfprintf_s_l __builtin_va_end 
  Function: fprintf calls: __builtin_va_start _vfprintf_l __builtin_va_end 
  Function: _fprintf_l calls: __builtin_va_start _vfprintf_l __builtin_va_end 
  Function: _vprintf_p calls: _vfprintf_p_l __acrt_iob_func 
  Function: _vprintf_p_l calls: _vfprintf_p_l __acrt_iob_func 
  Function: vprintf_s calls: _vfprintf_s_l __acrt_iob_func 
  Function: _vprintf_s_l calls: _vfprintf_s_l __acrt_iob_func 
  Function: vprintf calls: _vfprintf_l __acrt_iob_func 
  Function: _vprintf_l calls: _vfprintf_l __acrt_iob_func 
  Function: _vfprintf_p calls: _vfprintf_p_l 
  Function: _vfprintf_p_l calls: __stdio_common_vfprintf_p __local_stdio_printf_options 
  Function: __stdio_common_vfprintf_p calls: 
  Function: vfprintf_s calls: _vfprintf_s_l 
  Function: _vfprintf_s_l calls: __stdio_common_vfprintf_s __local_stdio_printf_options 
  Function: __stdio_common_vfprintf_s calls: 
  Function: vfprintf calls: _vfprintf_l 
  Function: _vfprintf_l calls: __stdio_common_vfprintf __local_stdio_printf_options 
  Function: __stdio_common_vfprintf calls: 
  Function: _snwscanf_s calls: __builtin_va_start _vsnwscanf_s_l __builtin_va_end 
  Function: _snwscanf_s_l calls: __builtin_va_start _vsnwscanf_s_l __builtin_va_end 
  Function: _snwscanf calls: __builtin_va_start _vsnwscanf_l __builtin_va_end 
  Function: _snwscanf_l calls: __builtin_va_start _vsnwscanf_l __builtin_va_end 
  Function: swscanf_s calls: __builtin_va_start _vswscanf_s_l __builtin_va_end 
  Function: _swscanf_s_l calls: __builtin_va_start _vswscanf_s_l __builtin_va_end 
  Function: swscanf calls: __builtin_va_start _vswscanf_l __builtin_va_end 
  Function: _swscanf_l calls: __builtin_va_start _vswscanf_l __builtin_va_end 
  Function: _vsnwscanf_s_l calls: __stdio_common_vswscanf __local_stdio_scanf_options 
  Function: _vsnwscanf_l calls: __stdio_common_vswscanf __local_stdio_scanf_options 
  Function: vswscanf_s calls: _vswscanf_s_l 
  Function: _vswscanf_s_l calls: __stdio_common_vswscanf __local_stdio_scanf_options 
  Function: vswscanf calls: _vswscanf_l 
  Function: _vswscanf_l calls: __stdio_common_vswscanf __local_stdio_scanf_options 
  Function: __stdio_common_vswscanf calls: 
  Function: _scwprintf_p calls: __builtin_va_start _vscwprintf_p_l __builtin_va_end 
  Function: _scwprintf_p_l calls: __builtin_va_start _vscwprintf_p_l __builtin_va_end 
  Function: _scwprintf calls: __builtin_va_start _vscwprintf_l __builtin_va_end 
  Function: _scwprintf_l calls: __builtin_va_start _vscwprintf_l __builtin_va_end 
  Function: _snwprintf_s calls: __builtin_va_start _vsnwprintf_s_l __builtin_va_end 
  Function: _snwprintf_s_l calls: __builtin_va_start _vsnwprintf_s_l __builtin_va_end 
  Function: _snwprintf calls: __builtin_va_start _vsnwprintf_l __builtin_va_end 
  Function: _snwprintf_l calls: __builtin_va_start _vsnwprintf_l __builtin_va_end 
  Function: _swprintf_c calls: __builtin_va_start _vswprintf_c_l __builtin_va_end 
  Function: _swprintf_c_l calls: __builtin_va_start _vswprintf_c_l __builtin_va_end 
  Function: _swprintf_p calls: __builtin_va_start _vswprintf_p_l __builtin_va_end 
  Function: _swprintf_p_l calls: __builtin_va_start _vswprintf_p_l __builtin_va_end 
  Function: swprintf_s calls: __builtin_va_start _vswprintf_s_l __builtin_va_end 
  Function: _swprintf_s_l calls: __builtin_va_start _vswprintf_s_l __builtin_va_end 
  Function: swprintf calls: __builtin_va_start _vswprintf_c_l __builtin_va_end 
  Function: _swprintf calls: __builtin_va_start __vswprintf_l __builtin_va_end 
  Function: _swprintf_l calls: __builtin_va_start _vswprintf_c_l __builtin_va_end 
  Function: __swprintf_l calls: __builtin_va_start __vswprintf_l __builtin_va_end 
  Function: _vscwprintf_p calls: _vscwprintf_p_l 
  Function: _vscwprintf_p_l calls: __stdio_common_vswprintf_p __local_stdio_printf_options 
  Function: _vscwprintf calls: _vscwprintf_l 
  Function: _vscwprintf_l calls: __stdio_common_vswprintf __local_stdio_printf_options 
  Function: _vswprintf_p calls: _vswprintf_p_l 
  Function: _vswprintf_p_l calls: __stdio_common_vswprintf_p __local_stdio_printf_options 
  Function: __stdio_common_vswprintf_p calls: 
  Function: vswprintf_s calls: _vswprintf_s_l 
  Function: _vswprintf_s_l calls: __stdio_common_vswprintf_s __local_stdio_printf_options 
  Function: __stdio_common_vswprintf_s calls: 
  Function: vswprintf calls: _vswprintf_c_l 
  Function: _vswprintf calls: _vswprintf_l 
  Function: __vswprintf_l calls: _vswprintf_l 
  Function: _vswprintf_l calls: _vswprintf_c_l 
  Function: _vswprintf_c calls: _vswprintf_c_l 
  Function: _vswprintf_c_l calls: __stdio_common_vswprintf __local_stdio_printf_options 
  Function: _vsnwprintf calls: _vsnwprintf_l 
  Function: _vsnwprintf_s calls: _vsnwprintf_s_l 
  Function: _vsnwprintf_s_l calls: __stdio_common_vsnwprintf_s __local_stdio_printf_options 
  Function: __stdio_common_vsnwprintf_s calls: 
  Function: _vsnwprintf_l calls: __stdio_common_vswprintf __local_stdio_printf_options 
  Function: __stdio_common_vswprintf calls: 
  Function: wscanf_s calls: __builtin_va_start _vfwscanf_s_l __acrt_iob_func __builtin_va_end 
  Function: _wscanf_s_l calls: __builtin_va_start _vfwscanf_s_l __acrt_iob_func __builtin_va_end 
  Function: wscanf calls: __builtin_va_start _vfwscanf_l __acrt_iob_func __builtin_va_end 
  Function: _wscanf_l calls: __builtin_va_start _vfwscanf_l __acrt_iob_func __builtin_va_end 
  Function: fwscanf_s calls: __builtin_va_start _vfwscanf_s_l __builtin_va_end 
  Function: _fwscanf_s_l calls: __builtin_va_start _vfwscanf_s_l __builtin_va_end 
  Function: fwscanf calls: __builtin_va_start _vfwscanf_l __builtin_va_end 
  Function: _fwscanf_l calls: __builtin_va_start _vfwscanf_l __builtin_va_end 
  Function: vwscanf_s calls: _vfwscanf_s_l __acrt_iob_func 
  Function: _vwscanf_s_l calls: _vfwscanf_s_l __acrt_iob_func 
  Function: vwscanf calls: _vfwscanf_l __acrt_iob_func 
  Function: _vwscanf_l calls: _vfwscanf_l __acrt_iob_func 
  Function: vfwscanf_s calls: _vfwscanf_s_l 
  Function: _vfwscanf_s_l calls: __stdio_common_vfwscanf __local_stdio_scanf_options 
  Function: vfwscanf calls: _vfwscanf_l 
  Function: _vfwscanf_l calls: __stdio_common_vfwscanf __local_stdio_scanf_options 
  Function: __stdio_common_vfwscanf calls: 
  Function: _wprintf_p calls: __builtin_va_start _vfwprintf_p_l __acrt_iob_func __builtin_va_end 
  Function: _wprintf_p_l calls: __builtin_va_start _vfwprintf_p_l __acrt_iob_func __builtin_va_end 
  Function: wprintf_s calls: __builtin_va_start _vfwprintf_s_l __acrt_iob_func __builtin_va_end 
  Function: _wprintf_s_l calls: __builtin_va_start _vfwprintf_s_l __acrt_iob_func __builtin_va_end 
  Function: wprintf calls: __builtin_va_start _vfwprintf_l __acrt_iob_func __builtin_va_end 
  Function: _wprintf_l calls: __builtin_va_start _vfwprintf_l __acrt_iob_func __builtin_va_end 
  Function: _fwprintf_p calls: __builtin_va_start _vfwprintf_p_l __builtin_va_end 
  Function: _fwprintf_p_l calls: __builtin_va_start _vfwprintf_p_l __builtin_va_end 
  Function: fwprintf_s calls: __builtin_va_start _vfwprintf_s_l __builtin_va_end 
  Function: _fwprintf_s_l calls: __builtin_va_start _vfwprintf_s_l __builtin_va_end 
  Function: fwprintf calls: __builtin_va_start _vfwprintf_l __builtin_va_end 
  Function: _fwprintf_l calls: __builtin_va_start _vfwprintf_l __builtin_va_end 
  Function: __builtin_va_end calls: 
  Function: __builtin_va_start calls: 
  Function: _vwprintf_p calls: _vfwprintf_p_l __acrt_iob_func 
  Function: _vwprintf_p_l calls: _vfwprintf_p_l __acrt_iob_func 
  Function: vwprintf_s calls: _vfwprintf_s_l __acrt_iob_func 
  Function: _vwprintf_s_l calls: _vfwprintf_s_l __acrt_iob_func 
  Function: vwprintf calls: _vfwprintf_l __acrt_iob_func 
  Function: _vwprintf_l calls: _vfwprintf_l __acrt_iob_func 
  Function: __acrt_iob_func calls: 
  Function: _vfwprintf_p calls: _vfwprintf_p_l 
  Function: _vfwprintf_p_l calls: __stdio_common_vfwprintf_p __local_stdio_printf_options 
  Function: __stdio_common_vfwprintf_p calls: 
  Function: vfwprintf_s calls: _vfwprintf_s_l 
  Function: _vfwprintf_s_l calls: __stdio_common_vfwprintf_s __local_stdio_printf_options 
  Function: __stdio_common_vfwprintf_s calls: 
  Function: vfwprintf calls: _vfwprintf_l 
  Function: _vfwprintf_l calls: __stdio_common_vfwprintf __local_stdio_printf_options 
  Function: __stdio_common_vfwprintf calls: 
  Function: __local_stdio_scanf_options calls: 
  Function: __local_stdio_printf_options calls: 
3 warnings generated.
clang: error: linker command failed with exit code 1136 (use -v to see invocation)

./repo\src\code.c:269:10: warning: 'fopen' is deprecated: This function or variable may be unsafe. Consider using fopen_s instead. To disable deprecation, use _CRT_SECURE_NO_WARNINGS. See online help for details. [-Wdeprecated-declarations]
  269 |                 file = fopen(argv[1], "a");
      |                        ^
C:\Program Files (x86)\Windows Kits\10\Include\10.0.22621.0\ucrt\stdio.h:212:20: note: 'fopen' has been explicitly marked deprecated here
  212 |     _Check_return_ _CRT_INSECURE_DEPRECATE(fopen_s)
      |                    ^
C:\Program Files\Microsoft Visual Studio\2022\Community\VC\Tools\MSVC\14.41.34120\include\vcruntime.h:356:55: note: expanded from macro '_CRT_INSECURE_DEPRECATE'
  356 |         #define _CRT_INSECURE_DEPRECATE(_Replacement) _CRT_DEPRECATE_TEXT(    \
      |                                                       ^
C:\Program Files\Microsoft Visual Studio\2022\Community\VC\Tools\MSVC\14.41.34120\include\vcruntime.h:346:47: note: expanded from macro '_CRT_DEPRECATE_TEXT'
  346 | #define _CRT_DEPRECATE_TEXT(_Text) __declspec(deprecated(_Text))
      |                                               ^
./repo\src\code.c:270:17: warning: format string is not a string literal (potentially insecure) [-Wformat-security]
  270 |                 fprintf(file, argv[2]);
      |                               ^~~~~~~
./repo\src\code.c:270:17: note: treat the string as an argument to avoid this
  270 |                 fprintf(file, argv[2]);
      |                               ^
      |                               "%s", 
./repo\src\code.c:275:10: warning: 'scanf' is deprecated: This function or variable may be unsafe. Consider using scanf_s instead. To disable deprecation, use _CRT_SECURE_NO_WARNINGS. See online help for details. [-Wdeprecated-declarations]
  275 |                 int x; scanf("%d", &x);
      |                        ^
C:\Program Files (x86)\Windows Kits\10\Include\10.0.22621.0\ucrt\stdio.h:1275:20: note: 'scanf' has been explicitly marked deprecated here
 1275 |     _Check_return_ _CRT_INSECURE_DEPRECATE(scanf_s)
      |                    ^
C:\Program Files\Microsoft Visual Studio\2022\Community\VC\Tools\MSVC\14.41.34120\include\vcruntime.h:356:55: note: expanded from macro '_CRT_INSECURE_DEPRECATE'
  356 |         #define _CRT_INSECURE_DEPRECATE(_Replacement) _CRT_DEPRECATE_TEXT(    \
      |                                                       ^
C:\Program Files\Microsoft Visual Studio\2022\Community\VC\Tools\MSVC\14.41.34120\include\vcruntime.h:346:47: note: expanded from macro '_CRT_DEPRECATE_TEXT'
  346 | #define _CRT_DEPRECATE_TEXT(_Text) __declspec(deprecated(_Text))
      |                                               ^
 --- Call graph Dump --- 
  Function: < root > calls: __local_stdio_printf_options __local_stdio_scanf_options _vfwprintf_l __stdio_common_vfwprintf vfwprintf _vfwprintf_s_l __stdio_common_vfwprintf_s vfwprintf_s _vfwprintf_p_l __stdio_common_vfwprintf_p _vfwprintf_p _vwprintf_l __acrt_iob_func vwprintf _vwprintf_s_l vwprintf_s _vwprintf_p_l _vwprintf_p _fwprintf_l __builtin_va_start __builtin_va_end fwprintf _fwprintf_s_l fwprintf_s _fwprintf_p_l _fwprintf_p _wprintf_l wprintf _wprintf_s_l wprintf_s _wprintf_p_l _wprintf_p _vfwscanf_l __stdio_common_vfwscanf vfwscanf _vfwscanf_s_l vfwscanf_s _vwscanf_l vwscanf _vwscanf_s_l vwscanf_s _fwscanf_l fwscanf _fwscanf_s_l fwscanf_s _wscanf_l wscanf _wscanf_s_l wscanf_s _vsnwprintf_l __stdio_common_vswprintf _vsnwprintf_s_l __stdio_common_vsnwprintf_s _vsnwprintf_s _vsnwprintf _vswprintf_c_l _vswprintf_c _vswprintf_l __vswprintf_l _vswprintf vswprintf _vswprintf_s_l __stdio_common_vswprintf_s vswprintf_s _vswprintf_p_l __stdio_common_vswprintf_p _vswprintf_p _vscwprintf_l _vscwprintf _vscwprintf_p_l _vscwprintf_p __swprintf_l _swprintf_l _swprintf swprintf _swprintf_s_l swprintf_s _swprintf_p_l _swprintf_p _swprintf_c_l _swprintf_c _snwprintf_l _snwprintf _snwprintf_s_l _snwprintf_s _scwprintf_l _scwprintf _scwprintf_p_l _scwprintf_p _vswscanf_l __stdio_common_vswscanf vswscanf _vswscanf_s_l vswscanf_s _vsnwscanf_l _vsnwscanf_s_l _swscanf_l swscanf _swscanf_s_l swscanf_s _snwscanf_l _snwscanf _snwscanf_s_l _snwscanf_s _vfprintf_l __stdio_common_vfprintf vfprintf _vfprintf_s_l __stdio_common_vfprintf_s vfprintf_s _vfprintf_p_l __stdio_common_vfprintf_p _vfprintf_p _vprintf_l vprintf _vprintf_s_l vprintf_s _vprintf_p_l _vprintf_p _fprintf_l fprintf _fprintf_s_l fprintf_s _fprintf_p_l _fprintf_p _printf_l printf _printf_s_l printf_s _printf_p_l _printf_p _vfscanf_l __stdio_common_vfscanf vfscanf _vfscanf_s_l vfscanf_s _vscanf_l vscanf _vscanf_s_l vscanf_s _fscanf_l fscanf _fscanf_s_l fscanf_s _scanf_l scanf _scanf_s_l scanf_s _vsnprintf_l __stdio_common_vsprintf _vsnprintf vsnprintf _vsprintf_l vsprintf _vsprintf_s_l __stdio_common_vsprintf_s vsprintf_s _vsprintf_p_l __stdio_common_vsprintf_p _vsprintf_p _vsnprintf_s_l __stdio_common_vsnprintf_s _vsnprintf_s vsnprintf_s _vscprintf_l _vscprintf _vscprintf_p_l _vscprintf_p _vsnprintf_c_l _vsnprintf_c _sprintf_l sprintf _sprintf_s_l sprintf_s _sprintf_p_l _sprintf_p _snprintf_l snprintf _snprintf _snprintf_c_l _snprintf_c _snprintf_s_l _snprintf_s _scprintf_l _scprintf _scprintf_p_l _scprintf_p _vsscanf_l __stdio_common_vsscanf vsscanf _vsscanf_s_l vsscanf_s _sscanf_l sscanf _sscanf_s_l sscanf_s _snscanf_l _snscanf _snscanf_s_l _snscanf_s _wctime _wctime64 _wctime_s _wctime64_s ctime _ctime64 difftime _difftime64 gmtime _gmtime64 localtime _localtime64 _mkgmtime _mkgmtime64 mktime _mktime64 time _time64 timespec_get _timespec64_get ctime_s _ctime64_s gmtime_s _gmtime64_s localtime_s _localtime64_s add sub sub1 output puts houtput mul greater_or_equal div2 mul2 divd mod is_odd is_0 is_1 is_n_minus_1 qpow tran randomize rand miller_rabin genRand main fopen srand clock 
  Function: main calls: fopen fprintf fprintf srand time scanf srand genRand miller_rabin genRand genRand miller_rabin genRand printf output houtput printf output houtput mul output printf clock fprintf clock miller_rabin 
  Function: clock calls: 
  Function: srand calls: 
  Function: fopen calls: 
  Function: genRand calls: randomize randomize rand rand 
  Function: miller_rabin calls: divd sub1 is_odd div2 randomize qpow is_1 is_n_minus_1 printf tran fprintf tran mul mod is_n_minus_1 printf tran fprintf tran printf tran fprintf tran fprintf fprintf 
  Function: randomize calls: rand rand rand 
  Function: rand calls: 
  Function: tran calls: 
  Function: qpow calls: is_0 is_odd div2 qpow mul mod mul mod 
  Function: is_n_minus_1 calls: sub1 
  Function: is_1 calls: 
  Function: is_0 calls: 
  Function: is_odd calls: 
  Function: mod calls: mul mul sub greater_or_equal sub 
  Function: divd calls: greater_or_equal div2 mul2 
  Function: mul2 calls: 
  Function: div2 calls: 
  Function: greater_or_equal calls: 
  Function: mul calls: 
  Function: houtput calls: fprintf fprintf fprintf 
  Function: output calls: printf printf puts fprintf fprintf fprintf 
  Function: puts calls: 
  Function: sub1 calls: 
  Function: sub calls: 
  Function: add calls: 
  Function: localtime_s calls: _localtime64_s 
  Function: _localtime64_s calls: 
  Function: gmtime_s calls: _gmtime64_s 
  Function: _gmtime64_s calls: 
  Function: ctime_s calls: _ctime64_s 
  Function: _ctime64_s calls: 
  Function: timespec_get calls: _timespec64_get 
  Function: _timespec64_get calls: 
  Function: time calls: _time64 
  Function: _time64 calls: 
  Function: mktime calls: _mktime64 
  Function: _mktime64 calls: 
  Function: _mkgmtime calls: _mkgmtime64 
  Function: _mkgmtime64 calls: 
  Function: localtime calls: _localtime64 
  Function: _localtime64 calls: 
  Function: gmtime calls: _gmtime64 
  Function: _gmtime64 calls: 
  Function: difftime calls: _difftime64 
  Function: _difftime64 calls: 
  Function: ctime calls: _ctime64 
  Function: _ctime64 calls: 
  Function: _wctime_s calls: _wctime64_s 
  Function: _wctime64_s calls: 
  Function: _wctime calls: _wctime64 
  Function: _wctime64 calls: 
  Function: _snscanf_s calls: __builtin_va_start __stdio_common_vsscanf __local_stdio_scanf_options __builtin_va_end 
  Function: _snscanf_s_l calls: __builtin_va_start __stdio_common_vsscanf __local_stdio_scanf_options __builtin_va_end 
  Function: _snscanf calls: __builtin_va_start __stdio_common_vsscanf __local_stdio_scanf_options __builtin_va_end 
  Function: _snscanf_l calls: __builtin_va_start __stdio_common_vsscanf __local_stdio_scanf_options __builtin_va_end 
  Function: sscanf_s calls: __builtin_va_start vsscanf_s __builtin_va_end 
  Function: _sscanf_s_l calls: __builtin_va_start _vsscanf_s_l __builtin_va_end 
  Function: sscanf calls: __builtin_va_start _vsscanf_l __builtin_va_end 
  Function: _sscanf_l calls: __builtin_va_start _vsscanf_l __builtin_va_end 
  Function: vsscanf_s calls: _vsscanf_s_l 
  Function: _vsscanf_s_l calls: __stdio_common_vsscanf __local_stdio_scanf_options 
  Function: vsscanf calls: _vsscanf_l 
  Function: _vsscanf_l calls: __stdio_common_vsscanf __local_stdio_scanf_options 
  Function: __stdio_common_vsscanf calls: 
  Function: _scprintf_p calls: __builtin_va_start _vscprintf_p __builtin_va_end 
  Function: _scprintf_p_l calls: __builtin_va_start _vscprintf_p_l __builtin_va_end 
  Function: _scprintf calls: __builtin_va_start _vscprintf_l __builtin_va_end 
  Function: _scprintf_l calls: __builtin_va_start _vscprintf_l __builtin_va_end 
  Function: _snprintf_s calls: __builtin_va_start _vsnprintf_s_l __builtin_va_end 
  Function: _snprintf_s_l calls: __builtin_va_start _vsnprintf_s_l __builtin_va_end 
  Function: _snprintf_c calls: __builtin_va_start _vsnprintf_c_l __builtin_va_end 
  Function: _snprintf_c_l calls: __builtin_va_start _vsnprintf_c_l __builtin_va_end 
  Function: _snprintf calls: __builtin_va_start _vsnprintf __builtin_va_end 
  Function: snprintf calls: __builtin_va_start vsnprintf __builtin_va_end 
  Function: _snprintf_l calls: __builtin_va_start _vsnprintf_l __builtin_va_end 
  Function: _sprintf_p calls: __builtin_va_start _vsprintf_p_l __builtin_va_end 
  Function: _sprintf_p_l calls: __builtin_va_start _vsprintf_p_l __builtin_va_end 
  Function: sprintf_s calls: __builtin_va_start _vsprintf_s_l __builtin_va_end 
  Function: _sprintf_s_l calls: __builtin_va_start _vsprintf_s_l __builtin_va_end 
  Function: sprintf calls: __builtin_va_start _vsprintf_l __builtin_va_end 
  Function: _sprintf_l calls: __builtin_va_start _vsprintf_l __builtin_va_end 
  Function: _vsnprintf_c calls: _vsnprintf_c_l 
  Function: _vsnprintf_c_l calls: __stdio_common_vsprintf __local_stdio_printf_options 
  Function: _vscprintf_p calls: _vscprintf_p_l 
  Function: _vscprintf_p_l calls: __stdio_common_vsprintf_p __local_stdio_printf_options 
  Function: _vscprintf calls: _vscprintf_l 
  Function: _vscprintf_l calls: __stdio_common_vsprintf __local_stdio_printf_options 
  Function: vsnprintf_s calls: _vsnprintf_s_l 
  Function: _vsnprintf_s calls: _vsnprintf_s_l 
  Function: _vsnprintf_s_l calls: __stdio_common_vsnprintf_s __local_stdio_printf_options 
  Function: __stdio_common_vsnprintf_s calls: 
  Function: _vsprintf_p calls: _vsprintf_p_l 
  Function: _vsprintf_p_l calls: __stdio_common_vsprintf_p __local_stdio_printf_options 
  Function: __stdio_common_vsprintf_p calls: 
  Function: vsprintf_s calls: _vsprintf_s_l 
  Function: _vsprintf_s_l calls: __stdio_common_vsprintf_s __local_stdio_printf_options 
  Function: __stdio_common_vsprintf_s calls: 
  Function: vsprintf calls: _vsnprintf_l 
  Function: _vsprintf_l calls: _vsnprintf_l 
  Function: vsnprintf calls: __stdio_common_vsprintf __local_stdio_printf_options 
  Function: _vsnprintf calls: _vsnprintf_l 
  Function: _vsnprintf_l calls: __stdio_common_vsprintf __local_stdio_printf_options 
  Function: __stdio_common_vsprintf calls: 
  Function: scanf_s calls: __builtin_va_start _vfscanf_s_l __acrt_iob_func __builtin_va_end 
  Function: _scanf_s_l calls: __builtin_va_start _vfscanf_s_l __acrt_iob_func __builtin_va_end 
  Function: scanf calls: __builtin_va_start _vfscanf_l __acrt_iob_func __builtin_va_end 
  Function: _scanf_l calls: __builtin_va_start _vfscanf_l __acrt_iob_func __builtin_va_end 
  Function: fscanf_s calls: __builtin_va_start _vfscanf_s_l __builtin_va_end 
  Function: _fscanf_s_l calls: __builtin_va_start _vfscanf_s_l __builtin_va_end 
  Function: fscanf calls: __builtin_va_start _vfscanf_l __builtin_va_end 
  Function: _fscanf_l calls: __builtin_va_start _vfscanf_l __builtin_va_end 
  Function: vscanf_s calls: _vfscanf_s_l __acrt_iob_func 
  Function: _vscanf_s_l calls: _vfscanf_s_l __acrt_iob_func 
  Function: vscanf calls: _vfscanf_l __acrt_iob_func 
  Function: _vscanf_l calls: _vfscanf_l __acrt_iob_func 
  Function: vfscanf_s calls: _vfscanf_s_l 
  Function: _vfscanf_s_l calls: __stdio_common_vfscanf __local_stdio_scanf_options 
  Function: vfscanf calls: _vfscanf_l 
  Function: _vfscanf_l calls: __stdio_common_vfscanf __local_stdio_scanf_options 
  Function: __stdio_common_vfscanf calls: 
  Function: _printf_p calls: __builtin_va_start _vfprintf_p_l __acrt_iob_func __builtin_va_end 
  Function: _printf_p_l calls: __builtin_va_start _vfprintf_p_l __acrt_iob_func __builtin_va_end 
  Function: printf_s calls: __builtin_va_start _vfprintf_s_l __acrt_iob_func __builtin_va_end 
  Function: _printf_s_l calls: __builtin_va_start _vfprintf_s_l __acrt_iob_func __builtin_va_end 
  Function: printf calls: __builtin_va_start _vfprintf_l __acrt_iob_func __builtin_va_end 
  Function: _printf_l calls: __builtin_va_start _vfprintf_l __acrt_iob_func __builtin_va_end 
  Function: _fprintf_p calls: __builtin_va_start _vfprintf_p_l __builtin_va_end 
  Function: _fprintf_p_l calls: __builtin_va_start _vfprintf_p_l __builtin_va_end 
  Function: fprintf_s calls: __builtin_va_start _vfprintf_s_l __builtin_va_end 
  Function: _fprintf_s_l calls: __builtin_va_start _vfprintf_s_l __builtin_va_end 
  Function: fprintf calls: __builtin_va_start _vfprintf_l __builtin_va_end 
  Function: _fprintf_l calls: __builtin_va_start _vfprintf_l __builtin_va_end 
  Function: _vprintf_p calls: _vfprintf_p_l __acrt_iob_func 
  Function: _vprintf_p_l calls: _vfprintf_p_l __acrt_iob_func 
  Function: vprintf_s calls: _vfprintf_s_l __acrt_iob_func 
  Function: _vprintf_s_l calls: _vfprintf_s_l __acrt_iob_func 
  Function: vprintf calls: _vfprintf_l __acrt_iob_func 
  Function: _vprintf_l calls: _vfprintf_l __acrt_iob_func 
  Function: _vfprintf_p calls: _vfprintf_p_l 
  Function: _vfprintf_p_l calls: __stdio_common_vfprintf_p __local_stdio_printf_options 
  Function: __stdio_common_vfprintf_p calls: 
  Function: vfprintf_s calls: _vfprintf_s_l 
  Function: _vfprintf_s_l calls: __stdio_common_vfprintf_s __local_stdio_printf_options 
  Function: __stdio_common_vfprintf_s calls: 
  Function: vfprintf calls: _vfprintf_l 
  Function: _vfprintf_l calls: __stdio_common_vfprintf __local_stdio_printf_options 
  Function: __stdio_common_vfprintf calls: 
  Function: _snwscanf_s calls: __builtin_va_start _vsnwscanf_s_l __builtin_va_end 
  Function: _snwscanf_s_l calls: __builtin_va_start _vsnwscanf_s_l __builtin_va_end 
  Function: _snwscanf calls: __builtin_va_start _vsnwscanf_l __builtin_va_end 
  Function: _snwscanf_l calls: __builtin_va_start _vsnwscanf_l __builtin_va_end 
  Function: swscanf_s calls: __builtin_va_start _vswscanf_s_l __builtin_va_end 
  Function: _swscanf_s_l calls: __builtin_va_start _vswscanf_s_l __builtin_va_end 
  Function: swscanf calls: __builtin_va_start _vswscanf_l __builtin_va_end 
  Function: _swscanf_l calls: __builtin_va_start _vswscanf_l __builtin_va_end 
  Function: _vsnwscanf_s_l calls: __stdio_common_vswscanf __local_stdio_scanf_options 
  Function: _vsnwscanf_l calls: __stdio_common_vswscanf __local_stdio_scanf_options 
  Function: vswscanf_s calls: _vswscanf_s_l 
  Function: _vswscanf_s_l calls: __stdio_common_vswscanf __local_stdio_scanf_options 
  Function: vswscanf calls: _vswscanf_l 
  Function: _vswscanf_l calls: __stdio_common_vswscanf __local_stdio_scanf_options 
  Function: __stdio_common_vswscanf calls: 
  Function: _scwprintf_p calls: __builtin_va_start _vscwprintf_p_l __builtin_va_end 
  Function: _scwprintf_p_l calls: __builtin_va_start _vscwprintf_p_l __builtin_va_end 
  Function: _scwprintf calls: __builtin_va_start _vscwprintf_l __builtin_va_end 
  Function: _scwprintf_l calls: __builtin_va_start _vscwprintf_l __builtin_va_end 
  Function: _snwprintf_s calls: __builtin_va_start _vsnwprintf_s_l __builtin_va_end 
  Function: _snwprintf_s_l calls: __builtin_va_start _vsnwprintf_s_l __builtin_va_end 
  Function: _snwprintf calls: __builtin_va_start _vsnwprintf_l __builtin_va_end 
  Function: _snwprintf_l calls: __builtin_va_start _vsnwprintf_l __builtin_va_end 
  Function: _swprintf_c calls: __builtin_va_start _vswprintf_c_l __builtin_va_end 
  Function: _swprintf_c_l calls: __builtin_va_start _vswprintf_c_l __builtin_va_end 
  Function: _swprintf_p calls: __builtin_va_start _vswprintf_p_l __builtin_va_end 
  Function: _swprintf_p_l calls: __builtin_va_start _vswprintf_p_l __builtin_va_end 
  Function: swprintf_s calls: __builtin_va_start _vswprintf_s_l __builtin_va_end 
  Function: _swprintf_s_l calls: __builtin_va_start _vswprintf_s_l __builtin_va_end 
  Function: swprintf calls: __builtin_va_start _vswprintf_c_l __builtin_va_end 
  Function: _swprintf calls: __builtin_va_start __vswprintf_l __builtin_va_end 
  Function: _swprintf_l calls: __builtin_va_start _vswprintf_c_l __builtin_va_end 
  Function: __swprintf_l calls: __builtin_va_start __vswprintf_l __builtin_va_end 
  Function: _vscwprintf_p calls: _vscwprintf_p_l 
  Function: _vscwprintf_p_l calls: __stdio_common_vswprintf_p __local_stdio_printf_options 
  Function: _vscwprintf calls: _vscwprintf_l 
  Function: _vscwprintf_l calls: __stdio_common_vswprintf __local_stdio_printf_options 
  Function: _vswprintf_p calls: _vswprintf_p_l 
  Function: _vswprintf_p_l calls: __stdio_common_vswprintf_p __local_stdio_printf_options 
  Function: __stdio_common_vswprintf_p calls: 
  Function: vswprintf_s calls: _vswprintf_s_l 
  Function: _vswprintf_s_l calls: __stdio_common_vswprintf_s __local_stdio_printf_options 
  Function: __stdio_common_vswprintf_s calls: 
  Function: vswprintf calls: _vswprintf_c_l 
  Function: _vswprintf calls: _vswprintf_l 
  Function: __vswprintf_l calls: _vswprintf_l 
  Function: _vswprintf_l calls: _vswprintf_c_l 
  Function: _vswprintf_c calls: _vswprintf_c_l 
  Function: _vswprintf_c_l calls: __stdio_common_vswprintf __local_stdio_printf_options 
  Function: _vsnwprintf calls: _vsnwprintf_l 
  Function: _vsnwprintf_s calls: _vsnwprintf_s_l 
  Function: _vsnwprintf_s_l calls: __stdio_common_vsnwprintf_s __local_stdio_printf_options 
  Function: __stdio_common_vsnwprintf_s calls: 
  Function: _vsnwprintf_l calls: __stdio_common_vswprintf __local_stdio_printf_options 
  Function: __stdio_common_vswprintf calls: 
  Function: wscanf_s calls: __builtin_va_start _vfwscanf_s_l __acrt_iob_func __builtin_va_end 
  Function: _wscanf_s_l calls: __builtin_va_start _vfwscanf_s_l __acrt_iob_func __builtin_va_end 
  Function: wscanf calls: __builtin_va_start _vfwscanf_l __acrt_iob_func __builtin_va_end 
  Function: _wscanf_l calls: __builtin_va_start _vfwscanf_l __acrt_iob_func __builtin_va_end 
  Function: fwscanf_s calls: __builtin_va_start _vfwscanf_s_l __builtin_va_end 
  Function: _fwscanf_s_l calls: __builtin_va_start _vfwscanf_s_l __builtin_va_end 
  Function: fwscanf calls: __builtin_va_start _vfwscanf_l __builtin_va_end 
  Function: _fwscanf_l calls: __builtin_va_start _vfwscanf_l __builtin_va_end 
  Function: vwscanf_s calls: _vfwscanf_s_l __acrt_iob_func 
  Function: _vwscanf_s_l calls: _vfwscanf_s_l __acrt_iob_func 
  Function: vwscanf calls: _vfwscanf_l __acrt_iob_func 
  Function: _vwscanf_l calls: _vfwscanf_l __acrt_iob_func 
  Function: vfwscanf_s calls: _vfwscanf_s_l 
  Function: _vfwscanf_s_l calls: __stdio_common_vfwscanf __local_stdio_scanf_options 
  Function: vfwscanf calls: _vfwscanf_l 
  Function: _vfwscanf_l calls: __stdio_common_vfwscanf __local_stdio_scanf_options 
  Function: __stdio_common_vfwscanf calls: 
  Function: _wprintf_p calls: __builtin_va_start _vfwprintf_p_l __acrt_iob_func __builtin_va_end 
  Function: _wprintf_p_l calls: __builtin_va_start _vfwprintf_p_l __acrt_iob_func __builtin_va_end 
  Function: wprintf_s calls: __builtin_va_start _vfwprintf_s_l __acrt_iob_func __builtin_va_end 
  Function: _wprintf_s_l calls: __builtin_va_start _vfwprintf_s_l __acrt_iob_func __builtin_va_end 
  Function: wprintf calls: __builtin_va_start _vfwprintf_l __acrt_iob_func __builtin_va_end 
  Function: _wprintf_l calls: __builtin_va_start _vfwprintf_l __acrt_iob_func __builtin_va_end 
  Function: _fwprintf_p calls: __builtin_va_start _vfwprintf_p_l __builtin_va_end 
  Function: _fwprintf_p_l calls: __builtin_va_start _vfwprintf_p_l __builtin_va_end 
  Function: fwprintf_s calls: __builtin_va_start _vfwprintf_s_l __builtin_va_end 
  Function: _fwprintf_s_l calls: __builtin_va_start _vfwprintf_s_l __builtin_va_end 
  Function: fwprintf calls: __builtin_va_start _vfwprintf_l __builtin_va_end 
  Function: _fwprintf_l calls: __builtin_va_start _vfwprintf_l __builtin_va_end 
  Function: __builtin_va_end calls: 
  Function: __builtin_va_start calls: 
  Function: _vwprintf_p calls: _vfwprintf_p_l __acrt_iob_func 
  Function: _vwprintf_p_l calls: _vfwprintf_p_l __acrt_iob_func 
  Function: vwprintf_s calls: _vfwprintf_s_l __acrt_iob_func 
  Function: _vwprintf_s_l calls: _vfwprintf_s_l __acrt_iob_func 
  Function: vwprintf calls: _vfwprintf_l __acrt_iob_func 
  Function: _vwprintf_l calls: _vfwprintf_l __acrt_iob_func 
  Function: __acrt_iob_func calls: 
  Function: _vfwprintf_p calls: _vfwprintf_p_l 
  Function: _vfwprintf_p_l calls: __stdio_common_vfwprintf_p __local_stdio_printf_options 
  Function: __stdio_common_vfwprintf_p calls: 
  Function: vfwprintf_s calls: _vfwprintf_s_l 
  Function: _vfwprintf_s_l calls: __stdio_common_vfwprintf_s __local_stdio_printf_options 
  Function: __stdio_common_vfwprintf_s calls: 
  Function: vfwprintf calls: _vfwprintf_l 
  Function: _vfwprintf_l calls: __stdio_common_vfwprintf __local_stdio_printf_options 
  Function: __stdio_common_vfwprintf calls: 
  Function: __local_stdio_scanf_options calls: 
  Function: __local_stdio_printf_options calls: 
3 warnings generated.
clang: error: linker command failed with exit code 1136 (use -v to see invocation)

 --- Call graph Dump --- 
  Function: < root > calls: __local_stdio_printf_options __local_stdio_scanf_options _vfwprintf_l __stdio_common_vfwprintf vfwprintf _vfwprintf_s_l __stdio_common_vfwprintf_s vfwprintf_s _vfwprintf_p_l __stdio_common_vfwprintf_p _vfwprintf_p _vwprintf_l __acrt_iob_func vwprintf _vwprintf_s_l vwprintf_s _vwprintf_p_l _vwprintf_p _fwprintf_l __builtin_va_start __builtin_va_end fwprintf _fwprintf_s_l fwprintf_s _fwprintf_p_l _fwprintf_p _wprintf_l wprintf _wprintf_s_l wprintf_s _wprintf_p_l _wprintf_p _vfwscanf_l __stdio_common_vfwscanf vfwscanf _vfwscanf_s_l vfwscanf_s _vwscanf_l vwscanf _vwscanf_s_l vwscanf_s _fwscanf_l fwscanf _fwscanf_s_l fwscanf_s _wscanf_l wscanf _wscanf_s_l wscanf_s _vsnwprintf_l __stdio_common_vswprintf _vsnwprintf_s_l __stdio_common_vsnwprintf_s _vsnwprintf_s _vsnwprintf _vswprintf_c_l _vswprintf_c _vswprintf_l __vswprintf_l _vswprintf vswprintf _vswprintf_s_l __stdio_common_vswprintf_s vswprintf_s _vswprintf_p_l __stdio_common_vswprintf_p _vswprintf_p _vscwprintf_l _vscwprintf _vscwprintf_p_l _vscwprintf_p __swprintf_l _swprintf_l _swprintf swprintf _swprintf_s_l swprintf_s _swprintf_p_l _swprintf_p _swprintf_c_l _swprintf_c _snwprintf_l _snwprintf _snwprintf_s_l _snwprintf_s _scwprintf_l _scwprintf _scwprintf_p_l _scwprintf_p _vswscanf_l __stdio_common_vswscanf vswscanf _vswscanf_s_l vswscanf_s _vsnwscanf_l _vsnwscanf_s_l _swscanf_l swscanf _swscanf_s_l swscanf_s _snwscanf_l _snwscanf _snwscanf_s_l _snwscanf_s _vfprintf_l __stdio_common_vfprintf vfprintf _vfprintf_s_l __stdio_common_vfprintf_s vfprintf_s _vfprintf_p_l __stdio_common_vfprintf_p _vfprintf_p _vprintf_l vprintf _vprintf_s_l vprintf_s _vprintf_p_l _vprintf_p _fprintf_l fprintf _fprintf_s_l fprintf_s _fprintf_p_l _fprintf_p _printf_l printf _printf_s_l printf_s _printf_p_l _printf_p _vfscanf_l __stdio_common_vfscanf vfscanf _vfscanf_s_l vfscanf_s _vscanf_l vscanf _vscanf_s_l vscanf_s _fscanf_l fscanf _fscanf_s_l fscanf_s _scanf_l scanf _scanf_s_l scanf_s _vsnprintf_l __stdio_common_vsprintf _vsnprintf vsnprintf _vsprintf_l vsprintf _vsprintf_s_l __stdio_common_vsprintf_s vsprintf_s _vsprintf_p_l __stdio_common_vsprintf_p _vsprintf_p _vsnprintf_s_l __stdio_common_vsnprintf_s _vsnprintf_s vsnprintf_s _vscprintf_l _vscprintf _vscprintf_p_l _vscprintf_p _vsnprintf_c_l _vsnprintf_c _sprintf_l sprintf _sprintf_s_l sprintf_s _sprintf_p_l _sprintf_p _snprintf_l snprintf _snprintf _snprintf_c_l _snprintf_c _snprintf_s_l _snprintf_s _scprintf_l _scprintf _scprintf_p_l _scprintf_p _vsscanf_l __stdio_common_vsscanf vsscanf _vsscanf_s_l vsscanf_s _sscanf_l sscanf _sscanf_s_l sscanf_s _snscanf_l _snscanf _snscanf_s_l _snscanf_s _wctime _wctime64 _wctime_s _wctime64_s ctime _ctime64 difftime _difftime64 gmtime _gmtime64 localtime _localtime64 _mkgmtime _mkgmtime64 mktime _mktime64 time _time64 timespec_get _timespec64_get ctime_s _ctime64_s gmtime_s _gmtime64_s localtime_s _localtime64_s add sub sub1 output puts mul greater_or_equal div2 mul2 divd mod is_odd is_0 is_1 is_n_minus_1 qpow tran randomize rand miller_rabin genRand main srand clock 
  Function: main calls: srand time genRand miller_rabin genRand genRand miller_rabin genRand printf output printf output mul output printf clock miller_rabin 
  Function: clock calls: 
  Function: srand calls: 
  Function: genRand calls: randomize randomize rand rand 
  Function: miller_rabin calls: divd sub1 is_odd div2 randomize qpow is_1 is_n_minus_1 printf tran mul mod is_n_minus_1 printf tran printf tran 
  Function: randomize calls: rand rand rand 
  Function: rand calls: 
  Function: tran calls: 
  Function: qpow calls: is_0 is_odd div2 qpow mul mod mul mod 
  Function: is_n_minus_1 calls: sub1 
  Function: is_1 calls: 
  Function: is_0 calls: 
  Function: is_odd calls: 
  Function: mod calls: mul mul sub greater_or_equal sub 
  Function: divd calls: greater_or_equal div2 mul2 
  Function: mul2 calls: 
  Function: div2 calls: 
  Function: greater_or_equal calls: 
  Function: mul calls: 
  Function: output calls: printf printf puts 
  Function: puts calls: 
  Function: sub1 calls: 
  Function: sub calls: 
  Function: add calls: 
  Function: localtime_s calls: _localtime64_s 
  Function: _localtime64_s calls: 
  Function: gmtime_s calls: _gmtime64_s 
  Function: _gmtime64_s calls: 
  Function: ctime_s calls: _ctime64_s 
  Function: _ctime64_s calls: 
  Function: timespec_get calls: _timespec64_get 
  Function: _timespec64_get calls: 
  Function: time calls: _time64 
  Function: _time64 calls: 
  Function: mktime calls: _mktime64 
  Function: _mktime64 calls: 
  Function: _mkgmtime calls: _mkgmtime64 
  Function: _mkgmtime64 calls: 
  Function: localtime calls: _localtime64 
  Function: _localtime64 calls: 
  Function: gmtime calls: _gmtime64 
  Function: _gmtime64 calls: 
  Function: difftime calls: _difftime64 
  Function: _difftime64 calls: 
  Function: ctime calls: _ctime64 
  Function: _ctime64 calls: 
  Function: _wctime_s calls: _wctime64_s 
  Function: _wctime64_s calls: 
  Function: _wctime calls: _wctime64 
  Function: _wctime64 calls: 
  Function: _snscanf_s calls: __builtin_va_start __stdio_common_vsscanf __local_stdio_scanf_options __builtin_va_end 
  Function: _snscanf_s_l calls: __builtin_va_start __stdio_common_vsscanf __local_stdio_scanf_options __builtin_va_end 
  Function: _snscanf calls: __builtin_va_start __stdio_common_vsscanf __local_stdio_scanf_options __builtin_va_end 
  Function: _snscanf_l calls: __builtin_va_start __stdio_common_vsscanf __local_stdio_scanf_options __builtin_va_end 
  Function: sscanf_s calls: __builtin_va_start vsscanf_s __builtin_va_end 
  Function: _sscanf_s_l calls: __builtin_va_start _vsscanf_s_l __builtin_va_end 
  Function: sscanf calls: __builtin_va_start _vsscanf_l __builtin_va_end 
  Function: _sscanf_l calls: __builtin_va_start _vsscanf_l __builtin_va_end 
  Function: vsscanf_s calls: _vsscanf_s_l 
  Function: _vsscanf_s_l calls: __stdio_common_vsscanf __local_stdio_scanf_options 
  Function: vsscanf calls: _vsscanf_l 
  Function: _vsscanf_l calls: __stdio_common_vsscanf __local_stdio_scanf_options 
  Function: __stdio_common_vsscanf calls: 
  Function: _scprintf_p calls: __builtin_va_start _vscprintf_p __builtin_va_end 
  Function: _scprintf_p_l calls: __builtin_va_start _vscprintf_p_l __builtin_va_end 
  Function: _scprintf calls: __builtin_va_start _vscprintf_l __builtin_va_end 
  Function: _scprintf_l calls: __builtin_va_start _vscprintf_l __builtin_va_end 
  Function: _snprintf_s calls: __builtin_va_start _vsnprintf_s_l __builtin_va_end 
  Function: _snprintf_s_l calls: __builtin_va_start _vsnprintf_s_l __builtin_va_end 
  Function: _snprintf_c calls: __builtin_va_start _vsnprintf_c_l __builtin_va_end 
  Function: _snprintf_c_l calls: __builtin_va_start _vsnprintf_c_l __builtin_va_end 
  Function: _snprintf calls: __builtin_va_start _vsnprintf __builtin_va_end 
  Function: snprintf calls: __builtin_va_start vsnprintf __builtin_va_end 
  Function: _snprintf_l calls: __builtin_va_start _vsnprintf_l __builtin_va_end 
  Function: _sprintf_p calls: __builtin_va_start _vsprintf_p_l __builtin_va_end 
  Function: _sprintf_p_l calls: __builtin_va_start _vsprintf_p_l __builtin_va_end 
  Function: sprintf_s calls: __builtin_va_start _vsprintf_s_l __builtin_va_end 
  Function: _sprintf_s_l calls: __builtin_va_start _vsprintf_s_l __builtin_va_end 
  Function: sprintf calls: __builtin_va_start _vsprintf_l __builtin_va_end 
  Function: _sprintf_l calls: __builtin_va_start _vsprintf_l __builtin_va_end 
  Function: _vsnprintf_c calls: _vsnprintf_c_l 
  Function: _vsnprintf_c_l calls: __stdio_common_vsprintf __local_stdio_printf_options 
  Function: _vscprintf_p calls: _vscprintf_p_l 
  Function: _vscprintf_p_l calls: __stdio_common_vsprintf_p __local_stdio_printf_options 
  Function: _vscprintf calls: _vscprintf_l 
  Function: _vscprintf_l calls: __stdio_common_vsprintf __local_stdio_printf_options 
  Function: vsnprintf_s calls: _vsnprintf_s_l 
  Function: _vsnprintf_s calls: _vsnprintf_s_l 
  Function: _vsnprintf_s_l calls: __stdio_common_vsnprintf_s __local_stdio_printf_options 
  Function: __stdio_common_vsnprintf_s calls: 
  Function: _vsprintf_p calls: _vsprintf_p_l 
  Function: _vsprintf_p_l calls: __stdio_common_vsprintf_p __local_stdio_printf_options 
  Function: __stdio_common_vsprintf_p calls: 
  Function: vsprintf_s calls: _vsprintf_s_l 
  Function: _vsprintf_s_l calls: __stdio_common_vsprintf_s __local_stdio_printf_options 
  Function: __stdio_common_vsprintf_s calls: 
  Function: vsprintf calls: _vsnprintf_l 
  Function: _vsprintf_l calls: _vsnprintf_l 
  Function: vsnprintf calls: __stdio_common_vsprintf __local_stdio_printf_options 
  Function: _vsnprintf calls: _vsnprintf_l 
  Function: _vsnprintf_l calls: __stdio_common_vsprintf __local_stdio_printf_options 
  Function: __stdio_common_vsprintf calls: 
  Function: scanf_s calls: __builtin_va_start _vfscanf_s_l __acrt_iob_func __builtin_va_end 
  Function: _scanf_s_l calls: __builtin_va_start _vfscanf_s_l __acrt_iob_func __builtin_va_end 
  Function: scanf calls: __builtin_va_start _vfscanf_l __acrt_iob_func __builtin_va_end 
  Function: _scanf_l calls: __builtin_va_start _vfscanf_l __acrt_iob_func __builtin_va_end 
  Function: fscanf_s calls: __builtin_va_start _vfscanf_s_l __builtin_va_end 
  Function: _fscanf_s_l calls: __builtin_va_start _vfscanf_s_l __builtin_va_end 
  Function: fscanf calls: __builtin_va_start _vfscanf_l __builtin_va_end 
  Function: _fscanf_l calls: __builtin_va_start _vfscanf_l __builtin_va_end 
  Function: vscanf_s calls: _vfscanf_s_l __acrt_iob_func 
  Function: _vscanf_s_l calls: _vfscanf_s_l __acrt_iob_func 
  Function: vscanf calls: _vfscanf_l __acrt_iob_func 
  Function: _vscanf_l calls: _vfscanf_l __acrt_iob_func 
  Function: vfscanf_s calls: _vfscanf_s_l 
  Function: _vfscanf_s_l calls: __stdio_common_vfscanf __local_stdio_scanf_options 
  Function: vfscanf calls: _vfscanf_l 
  Function: _vfscanf_l calls: __stdio_common_vfscanf __local_stdio_scanf_options 
  Function: __stdio_common_vfscanf calls: 
  Function: _printf_p calls: __builtin_va_start _vfprintf_p_l __acrt_iob_func __builtin_va_end 
  Function: _printf_p_l calls: __builtin_va_start _vfprintf_p_l __acrt_iob_func __builtin_va_end 
  Function: printf_s calls: __builtin_va_start _vfprintf_s_l __acrt_iob_func __builtin_va_end 
  Function: _printf_s_l calls: __builtin_va_start _vfprintf_s_l __acrt_iob_func __builtin_va_end 
  Function: printf calls: __builtin_va_start _vfprintf_l __acrt_iob_func __builtin_va_end 
  Function: _printf_l calls: __builtin_va_start _vfprintf_l __acrt_iob_func __builtin_va_end 
  Function: _fprintf_p calls: __builtin_va_start _vfprintf_p_l __builtin_va_end 
  Function: _fprintf_p_l calls: __builtin_va_start _vfprintf_p_l __builtin_va_end 
  Function: fprintf_s calls: __builtin_va_start _vfprintf_s_l __builtin_va_end 
  Function: _fprintf_s_l calls: __builtin_va_start _vfprintf_s_l __builtin_va_end 
  Function: fprintf calls: __builtin_va_start _vfprintf_l __builtin_va_end 
  Function: _fprintf_l calls: __builtin_va_start _vfprintf_l __builtin_va_end 
  Function: _vprintf_p calls: _vfprintf_p_l __acrt_iob_func 
  Function: _vprintf_p_l calls: _vfprintf_p_l __acrt_iob_func 
  Function: vprintf_s calls: _vfprintf_s_l __acrt_iob_func 
  Function: _vprintf_s_l calls: _vfprintf_s_l __acrt_iob_func 
  Function: vprintf calls: _vfprintf_l __acrt_iob_func 
  Function: _vprintf_l calls: _vfprintf_l __acrt_iob_func 
  Function: _vfprintf_p calls: _vfprintf_p_l 
  Function: _vfprintf_p_l calls: __stdio_common_vfprintf_p __local_stdio_printf_options 
  Function: __stdio_common_vfprintf_p calls: 
  Function: vfprintf_s calls: _vfprintf_s_l 
  Function: _vfprintf_s_l calls: __stdio_common_vfprintf_s __local_stdio_printf_options 
  Function: __stdio_common_vfprintf_s calls: 
  Function: vfprintf calls: _vfprintf_l 
  Function: _vfprintf_l calls: __stdio_common_vfprintf __local_stdio_printf_options 
  Function: __stdio_common_vfprintf calls: 
  Function: _snwscanf_s calls: __builtin_va_start _vsnwscanf_s_l __builtin_va_end 
  Function: _snwscanf_s_l calls: __builtin_va_start _vsnwscanf_s_l __builtin_va_end 
  Function: _snwscanf calls: __builtin_va_start _vsnwscanf_l __builtin_va_end 
  Function: _snwscanf_l calls: __builtin_va_start _vsnwscanf_l __builtin_va_end 
  Function: swscanf_s calls: __builtin_va_start _vswscanf_s_l __builtin_va_end 
  Function: _swscanf_s_l calls: __builtin_va_start _vswscanf_s_l __builtin_va_end 
  Function: swscanf calls: __builtin_va_start _vswscanf_l __builtin_va_end 
  Function: _swscanf_l calls: __builtin_va_start _vswscanf_l __builtin_va_end 
  Function: _vsnwscanf_s_l calls: __stdio_common_vswscanf __local_stdio_scanf_options 
  Function: _vsnwscanf_l calls: __stdio_common_vswscanf __local_stdio_scanf_options 
  Function: vswscanf_s calls: _vswscanf_s_l 
  Function: _vswscanf_s_l calls: __stdio_common_vswscanf __local_stdio_scanf_options 
  Function: vswscanf calls: _vswscanf_l 
  Function: _vswscanf_l calls: __stdio_common_vswscanf __local_stdio_scanf_options 
  Function: __stdio_common_vswscanf calls: 
  Function: _scwprintf_p calls: __builtin_va_start _vscwprintf_p_l __builtin_va_end 
  Function: _scwprintf_p_l calls: __builtin_va_start _vscwprintf_p_l __builtin_va_end 
  Function: _scwprintf calls: __builtin_va_start _vscwprintf_l __builtin_va_end 
  Function: _scwprintf_l calls: __builtin_va_start _vscwprintf_l __builtin_va_end 
  Function: _snwprintf_s calls: __builtin_va_start _vsnwprintf_s_l __builtin_va_end 
  Function: _snwprintf_s_l calls: __builtin_va_start _vsnwprintf_s_l __builtin_va_end 
  Function: _snwprintf calls: __builtin_va_start _vsnwprintf_l __builtin_va_end 
  Function: _snwprintf_l calls: __builtin_va_start _vsnwprintf_l __builtin_va_end 
  Function: _swprintf_c calls: __builtin_va_start _vswprintf_c_l __builtin_va_end 
  Function: _swprintf_c_l calls: __builtin_va_start _vswprintf_c_l __builtin_va_end 
  Function: _swprintf_p calls: __builtin_va_start _vswprintf_p_l __builtin_va_end 
  Function: _swprintf_p_l calls: __builtin_va_start _vswprintf_p_l __builtin_va_end 
  Function: swprintf_s calls: __builtin_va_start _vswprintf_s_l __builtin_va_end 
  Function: _swprintf_s_l calls: __builtin_va_start _vswprintf_s_l __builtin_va_end 
  Function: swprintf calls: __builtin_va_start _vswprintf_c_l __builtin_va_end 
  Function: _swprintf calls: __builtin_va_start __vswprintf_l __builtin_va_end 
  Function: _swprintf_l calls: __builtin_va_start _vswprintf_c_l __builtin_va_end 
  Function: __swprintf_l calls: __builtin_va_start __vswprintf_l __builtin_va_end 
  Function: _vscwprintf_p calls: _vscwprintf_p_l 
  Function: _vscwprintf_p_l calls: __stdio_common_vswprintf_p __local_stdio_printf_options 
  Function: _vscwprintf calls: _vscwprintf_l 
  Function: _vscwprintf_l calls: __stdio_common_vswprintf __local_stdio_printf_options 
  Function: _vswprintf_p calls: _vswprintf_p_l 
  Function: _vswprintf_p_l calls: __stdio_common_vswprintf_p __local_stdio_printf_options 
  Function: __stdio_common_vswprintf_p calls: 
  Function: vswprintf_s calls: _vswprintf_s_l 
  Function: _vswprintf_s_l calls: __stdio_common_vswprintf_s __local_stdio_printf_options 
  Function: __stdio_common_vswprintf_s calls: 
  Function: vswprintf calls: _vswprintf_c_l 
  Function: _vswprintf calls: _vswprintf_l 
  Function: __vswprintf_l calls: _vswprintf_l 
  Function: _vswprintf_l calls: _vswprintf_c_l 
  Function: _vswprintf_c calls: _vswprintf_c_l 
  Function: _vswprintf_c_l calls: __stdio_common_vswprintf __local_stdio_printf_options 
  Function: _vsnwprintf calls: _vsnwprintf_l 
  Function: _vsnwprintf_s calls: _vsnwprintf_s_l 
  Function: _vsnwprintf_s_l calls: __stdio_common_vsnwprintf_s __local_stdio_printf_options 
  Function: __stdio_common_vsnwprintf_s calls: 
  Function: _vsnwprintf_l calls: __stdio_common_vswprintf __local_stdio_printf_options 
  Function: __stdio_common_vswprintf calls: 
  Function: wscanf_s calls: __builtin_va_start _vfwscanf_s_l __acrt_iob_func __builtin_va_end 
  Function: _wscanf_s_l calls: __builtin_va_start _vfwscanf_s_l __acrt_iob_func __builtin_va_end 
  Function: wscanf calls: __builtin_va_start _vfwscanf_l __acrt_iob_func __builtin_va_end 
  Function: _wscanf_l calls: __builtin_va_start _vfwscanf_l __acrt_iob_func __builtin_va_end 
  Function: fwscanf_s calls: __builtin_va_start _vfwscanf_s_l __builtin_va_end 
  Function: _fwscanf_s_l calls: __builtin_va_start _vfwscanf_s_l __builtin_va_end 
  Function: fwscanf calls: __builtin_va_start _vfwscanf_l __builtin_va_end 
  Function: _fwscanf_l calls: __builtin_va_start _vfwscanf_l __builtin_va_end 
  Function: vwscanf_s calls: _vfwscanf_s_l __acrt_iob_func 
  Function: _vwscanf_s_l calls: _vfwscanf_s_l __acrt_iob_func 
  Function: vwscanf calls: _vfwscanf_l __acrt_iob_func 
  Function: _vwscanf_l calls: _vfwscanf_l __acrt_iob_func 
  Function: vfwscanf_s calls: _vfwscanf_s_l 
  Function: _vfwscanf_s_l calls: __stdio_common_vfwscanf __local_stdio_scanf_options 
  Function: vfwscanf calls: _vfwscanf_l 
  Function: _vfwscanf_l calls: __stdio_common_vfwscanf __local_stdio_scanf_options 
  Function: __stdio_common_vfwscanf calls: 
  Function: _wprintf_p calls: __builtin_va_start _vfwprintf_p_l __acrt_iob_func __builtin_va_end 
  Function: _wprintf_p_l calls: __builtin_va_start _vfwprintf_p_l __acrt_iob_func __builtin_va_end 
  Function: wprintf_s calls: __builtin_va_start _vfwprintf_s_l __acrt_iob_func __builtin_va_end 
  Function: _wprintf_s_l calls: __builtin_va_start _vfwprintf_s_l __acrt_iob_func __builtin_va_end 
  Function: wprintf calls: __builtin_va_start _vfwprintf_l __acrt_iob_func __builtin_va_end 
  Function: _wprintf_l calls: __builtin_va_start _vfwprintf_l __acrt_iob_func __builtin_va_end 
  Function: _fwprintf_p calls: __builtin_va_start _vfwprintf_p_l __builtin_va_end 
  Function: _fwprintf_p_l calls: __builtin_va_start _vfwprintf_p_l __builtin_va_end 
  Function: fwprintf_s calls: __builtin_va_start _vfwprintf_s_l __builtin_va_end 
  Function: _fwprintf_s_l calls: __builtin_va_start _vfwprintf_s_l __builtin_va_end 
  Function: fwprintf calls: __builtin_va_start _vfwprintf_l __builtin_va_end 
  Function: _fwprintf_l calls: __builtin_va_start _vfwprintf_l __builtin_va_end 
  Function: __builtin_va_end calls: 
  Function: __builtin_va_start calls: 
  Function: _vwprintf_p calls: _vfwprintf_p_l __acrt_iob_func 
  Function: _vwprintf_p_l calls: _vfwprintf_p_l __acrt_iob_func 
  Function: vwprintf_s calls: _vfwprintf_s_l __acrt_iob_func 
  Function: _vwprintf_s_l calls: _vfwprintf_s_l __acrt_iob_func 
  Function: vwprintf calls: _vfwprintf_l __acrt_iob_func 
  Function: _vwprintf_l calls: _vfwprintf_l __acrt_iob_func 
  Function: __acrt_iob_func calls: 
  Function: _vfwprintf_p calls: _vfwprintf_p_l 
  Function: _vfwprintf_p_l calls: __stdio_common_vfwprintf_p __local_stdio_printf_options 
  Function: __stdio_common_vfwprintf_p calls: 
  Function: vfwprintf_s calls: _vfwprintf_s_l 
  Function: _vfwprintf_s_l calls: __stdio_common_vfwprintf_s __local_stdio_printf_options 
  Function: __stdio_common_vfwprintf_s calls: 
  Function: vfwprintf calls: _vfwprintf_l 
  Function: _vfwprintf_l calls: __stdio_common_vfwprintf __local_stdio_printf_options 
  Function: __stdio_common_vfwprintf calls: 
  Function: __local_stdio_scanf_options calls: 
  Function: __local_stdio_printf_options calls: 
clang: error: linker command failed with exit code 1136 (use -v to see invocation)

